This is pdfeTeX, Version 3.141592-1.21a-2.2 (Web2C 7.5.4) (format=latex 2006.5.28)  6 NOV 2006 15:00
entering extended mode
**./images.tex
(./images.tex
LaTeX2e <2003/12/01>
Babel <v3.8d> and hyphenation patterns for american, french, german, ngerman, b
ahasa, basque, bulgarian, catalan, croatian, czech, danish, dutch, esperanto, e
stonian, finnish, greek, icelandic, irish, italian, latin, magyar, norsk, polis
h, portuges, romanian, russian, serbian, slovak, slovene, spanish, swedish, tur
kish, ukrainian, nohyphenation, loaded.

(/usr/share/texmf-tetex/tex/latex/base/book.cls
Document Class: book 2004/02/16 v1.4f Standard LaTeX document class
(/usr/share/texmf-tetex/tex/latex/base/bk11.clo
File: bk11.clo 2004/02/16 v1.4f Standard LaTeX file (size option)
)
\c@part=\count79
\c@chapter=\count80
\c@section=\count81
\c@subsection=\count82
\c@subsubsection=\count83
\c@paragraph=\count84
\c@subparagraph=\count85
\c@figure=\count86
\c@table=\count87
\abovecaptionskip=\skip41
\belowcaptionskip=\skip42
\bibindent=\dimen102
) (/usr/share/texmf-tetex/tex/latex/base/ifthen.sty
Package: ifthen 2001/05/26 v1.1c Standard LaTeX ifthen package (DPC)
)
\headwidth=\skip43
(/usr/share/texmf-tetex/tex/latex/graphics/epsfig.sty
Package: epsfig 1999/02/16 v1.7a (e)psfig emulation (SPQR)
(/usr/share/texmf-tetex/tex/latex/graphics/graphicx.sty
Package: graphicx 1999/02/16 v1.0f Enhanced LaTeX Graphics (DPC,SPQR)
(/usr/share/texmf-tetex/tex/latex/graphics/keyval.sty
Package: keyval 1999/03/16 v1.13 key=value parser (DPC)
\KV@toks@=\toks14
) (/usr/share/texmf-tetex/tex/latex/graphics/graphics.sty
Package: graphics 2001/07/07 v1.0n Standard LaTeX Graphics (DPC,SPQR)
(/usr/share/texmf-tetex/tex/latex/graphics/trig.sty
Package: trig 1999/03/16 v1.09 sin cos tan (DPC)
) (/usr/share/texmf-tetex/tex/latex/graphics/graphics.cfg
File: graphics.cfg 2005/02/03 v1.3 graphics configuration of teTeX/TeXLive
)
Package graphics Info: Driver file: dvips.def on input line 80.
(/usr/share/texmf-tetex/tex/latex/graphics/dvips.def
File: dvips.def 1999/02/16 v3.0i Driver-dependant file (DPC,SPQR)
))
\Gin@req@height=\dimen103
\Gin@req@width=\dimen104
)
\epsfxsize=\dimen105
\epsfysize=\dimen106
) (/usr/local/share/texmf/tex/latex/html/html.sty
Package: html 1996/02/01 v1.0 hypertext commands for latex2html (nd, hs)
\c@lpart=\count88
\c@lchapter=\count89
\c@lsection=\count90
\c@lsubsection=\count91
\c@lsubsubsection=\count92
\c@lparagraph=\count93
\c@lsubparagraph=\count94
\c@lsubsubparagraph=\count95
\c@lequation=\count96
) (/usr/share/texmf-tetex/tex/latex/amsmath/amsmath.sty
Package: amsmath 2000/07/18 v2.13 AMS math features
\@mathmargin=\skip44
For additional information on amsmath, use the `?' option.
(/usr/share/texmf-tetex/tex/latex/amsmath/amstext.sty
Package: amstext 2000/06/29 v2.01
(/usr/share/texmf-tetex/tex/latex/amsmath/amsgen.sty
File: amsgen.sty 1999/11/30 v2.0
\@emptytoks=\toks15
\ex@=\dimen107
)) (/usr/share/texmf-tetex/tex/latex/amsmath/amsbsy.sty
Package: amsbsy 1999/11/29 v1.2d
\pmbraise@=\dimen108
) (/usr/share/texmf-tetex/tex/latex/amsmath/amsopn.sty
Package: amsopn 1999/12/14 v2.01 operator names
)
\inf@bad=\count97
LaTeX Info: Redefining \frac on input line 211.
\uproot@=\count98
\leftroot@=\count99
LaTeX Info: Redefining \overline on input line 307.
\classnum@=\count100
\DOTSCASE@=\count101
LaTeX Info: Redefining \ldots on input line 379.
LaTeX Info: Redefining \dots on input line 382.
LaTeX Info: Redefining \cdots on input line 467.
\Mathstrutbox@=\box26
\strutbox@=\box27
\big@size=\dimen109
LaTeX Font Info:    Redeclaring font encoding OML on input line 567.
LaTeX Font Info:    Redeclaring font encoding OMS on input line 568.
\macc@depth=\count102
\c@MaxMatrixCols=\count103
\dotsspace@=\muskip10
\c@parentequation=\count104
\dspbrk@lvl=\count105
\tag@help=\toks16
\row@=\count106
\column@=\count107
\maxfields@=\count108
\andhelp@=\toks17
\eqnshift@=\dimen110
\alignsep@=\dimen111
\tagshift@=\dimen112
\tagwidth@=\dimen113
\totwidth@=\dimen114
\lineht@=\dimen115
\@envbody=\toks18
\multlinegap=\skip45
\multlinetaggap=\skip46
\mathdisplay@stack=\toks19
LaTeX Info: Redefining \[ on input line 2666.
LaTeX Info: Redefining \] on input line 2667.
) (/usr/share/texmf-tetex/tex/latex/amsfonts/amssymb.sty
Package: amssymb 2002/01/22 v2.2d
(/usr/share/texmf-tetex/tex/latex/amsfonts/amsfonts.sty
Package: amsfonts 2001/10/25 v2.2f
\symAMSa=\mathgroup4
\symAMSb=\mathgroup5
LaTeX Font Info:    Overwriting math alphabet `\mathfrak' in version `bold'
(Font)                  U/euf/m/n --> U/euf/b/n on input line 132.
)) (/usr/share/texmf-tetex/tex/latex/preprint/fullpage.sty
Package: fullpage 1999/02/23 1.1 (PWD)
\FP@margin=\skip47
) (/usr/local/share/texmf/tex/latex/easy/easyeqn.sty
Document Style `easyeqn' version 1.4 <3-DEC-1999>.
(/usr/local/share/texmf/tex/latex/easy/easy.sty
Document Style `easy' version 1.0 <30-AUG-1999>.
Package: easy 1999/08/30 v1.0
\@easy@level=\count109
\@easy@ncol=\count110
\@easy@nrow=\count111
\@easy@cnt=\count112
\@easy@boxviii=\box28
\@easy@minxviii=\dimen116
\@easy@minyviii=\dimen117
\@easy@maxxviii=\dimen118
\@easy@maxyviii=\dimen119
\@easy@boxvii=\box29
\@easy@minxvii=\dimen120
\@easy@minyvii=\dimen121
\@easy@maxxvii=\dimen122
\@easy@maxyvii=\dimen123
\@easy@boxvi=\box30
\@easy@minxvi=\dimen124
\@easy@minyvi=\dimen125
\@easy@maxxvi=\dimen126
\@easy@maxyvi=\dimen127
\@easy@boxv=\box31
\@easy@minxv=\dimen128
\@easy@minyv=\dimen129
\@easy@maxxv=\dimen130
\@easy@maxyv=\dimen131
\@easy@boxiv=\box32
\@easy@minxiv=\dimen132
\@easy@minyiv=\dimen133
\@easy@maxxiv=\dimen134
\@easy@maxyiv=\dimen135
\@easy@boxiii=\box33
\@easy@minxiii=\dimen136
\@easy@minyiii=\dimen137
\@easy@maxxiii=\dimen138
\@easy@maxyiii=\dimen139
\@easy@boxii=\box34
\@easy@minxii=\dimen140
\@easy@minyii=\dimen141
\@easy@maxxii=\dimen142
\@easy@maxyii=\dimen143
\@easy@boxi=\box35
\@easy@minxi=\dimen144
\@easy@minyi=\dimen145
\@easy@maxxi=\dimen146
\@easy@maxyi=\dimen147
\@easy@hsizexxx=\dimen148
\@easy@vsizexxx=\dimen149
\@easy@hsizexxix=\dimen150
\@easy@vsizexxix=\dimen151
\@easy@hsizexxviii=\dimen152
\@easy@vsizexxviii=\dimen153
\@easy@hsizexxvii=\dimen154
\@easy@vsizexxvii=\dimen155
\@easy@hsizexxvi=\dimen156
\@easy@vsizexxvi=\dimen157
\@easy@hsizexxv=\dimen158
\@easy@vsizexxv=\dimen159
\@easy@hsizexxiv=\dimen160
\@easy@vsizexxiv=\dimen161
\@easy@hsizexxiii=\dimen162
\@easy@vsizexxiii=\dimen163
\@easy@hsizexxii=\dimen164
\@easy@vsizexxii=\dimen165
\@easy@hsizexxi=\dimen166
\@easy@vsizexxi=\dimen167
\@easy@hsizexx=\dimen168
\@easy@vsizexx=\dimen169
\@easy@hsizexix=\dimen170
\@easy@vsizexix=\dimen171
\@easy@hsizexviii=\dimen172
\@easy@vsizexviii=\dimen173
\@easy@hsizexvii=\dimen174
\@easy@vsizexvii=\dimen175
\@easy@hsizexvi=\dimen176
\@easy@vsizexvi=\dimen177
\@easy@hsizexv=\dimen178
\@easy@vsizexv=\dimen179
\@easy@hsizexiv=\dimen180
\@easy@vsizexiv=\dimen181
\@easy@hsizexiii=\dimen182
\@easy@vsizexiii=\dimen183
\@easy@hsizexii=\dimen184
\@easy@vsizexii=\dimen185
\@easy@hsizexi=\dimen186
\@easy@vsizexi=\dimen187
\@easy@hsizex=\dimen188
\@easy@vsizex=\dimen189
\@easy@hsizeix=\dimen190
\@easy@vsizeix=\dimen191
\@easy@hsizeviii=\dimen192
\@easy@vsizeviii=\dimen193
\@easy@hsizevii=\dimen194
\@easy@vsizevii=\dimen195
\@easy@hsizevi=\dimen196
\@easy@vsizevi=\dimen197
\@easy@hsizev=\dimen198
\@easy@vsizev=\dimen199
\@easy@hsizeiv=\dimen200
\@easy@vsizeiv=\dimen201
\@easy@hsizeiii=\dimen202
\@easy@vsizeiii=\dimen203
\@easy@hsizeii=\dimen204
\@easy@vsizeii=\dimen205
\@easy@hsizei=\dimen206
\@easy@vsizei=\dimen207
\@easy@dash@len=\dimen208
\@easy@dash@sep=\dimen209
)
Package: easyeqn 1999/12/03 v1.5
\@EQ@leftmargin=\dimen210
\@EQ@col@sep=\dimen211
) (/usr/share/texmf-tetex/tex/latex/fancyvrb/fancyvrb.sty
Package: fancyvrb 1998/07/17
Style option: `fancyvrb' v2.6, with DG/SPQR fixes <1998/07/17> (tvz)
\FV@CodeLineNo=\count113
\FV@InFile=\read1
\FV@TabBox=\box36
\c@FancyVerbLine=\count114
\FV@StepNumber=\count115
\FV@OutFile=\write3
No file fancyvrb.cfg.
) (/usr/share/texmf-tetex/tex/latex/listings/listings.sty
\lst@mode=\count116
\lst@gtempboxa=\box37
\lst@token=\toks20
\lst@length=\count117
\lst@currlwidth=\dimen212
\lst@column=\count118
\lst@pos=\count119
\lst@lostspace=\dimen213
\lst@width=\dimen214
\lst@newlines=\count120
\lst@lineno=\count121
\c@lstlisting=\count122
\lst@maxwidth=\dimen215
(/usr/share/texmf-tetex/tex/latex/listings/lstpatch.sty
File: lstpatch.sty 2004/10/17 1.3b (Carsten Heinz)
) (/usr/share/texmf-tetex/tex/latex/listings/lstmisc.sty
File: lstmisc.sty 2004/09/07 1.3 (Carsten Heinz)
\c@lstnumber=\count123
\lst@skipnumbers=\count124
\lst@framebox=\box38
) (/usr/share/texmf-tetex/tex/latex/listings/listings.cfg
File: listings.cfg 2004/09/05 1.3 listings configuration
))
Package: listings 2004/10/17 1.3b (Carsten Heinz)
(/usr/share/texmf-tetex/tex/latex/url/url.sty
\Urlmuskip=\muskip11
Package: url 2004/03/15  ver 3.1  Verb mode for urls, etc.
) (/usr/share/texmf-tetex/tex/latex/graphics/color.sty
Package: color 1999/02/16 v1.0i Standard LaTeX Color (DPC)
(/usr/share/texmf-tetex/tex/latex/graphics/color.cfg
File: color.cfg 2005/02/03 v1.3 color configuration of teTeX/TeXLive
)
Package color Info: Driver file: dvips.def on input line 125.
(/usr/share/texmf-tetex/tex/latex/graphics/dvipsnam.def
File: dvipsnam.def 1999/02/16 v3.0i Driver-dependant file (DPC,SPQR)
)) (/usr/share/texmf-tetex/tex/latex/listings/lstlang1.sty
File: lstlang1.sty 2004/09/05 1.3 listings language file
) (/usr/share/texmf-tetex/tex/latex/hyperref/hyperref.sty
Package: hyperref 2003/11/30 v6.74m Hypertext links for LaTeX
\@linkdim=\dimen216
\Hy@linkcounter=\count125
\Hy@pagecounter=\count126
(/usr/share/texmf-tetex/tex/latex/hyperref/pd1enc.def
File: pd1enc.def 2003/11/30 v6.74m Hyperref: PDFDocEncoding definition (HO)
) (/usr/share/texmf-tetex/tex/latex/hyperref/hyperref.cfg
File: hyperref.cfg 2002/06/06 v1.2 hyperref configuration of TeXLive and teTeX
)
Package hyperref Info: Option `colorlinks' set `true' on input line 1830.
Package hyperref Info: Hyper figures OFF on input line 1880.
Package hyperref Info: Link nesting OFF on input line 1885.
Package hyperref Info: Hyper index ON on input line 1888.
Package hyperref Info: Plain pages ON on input line 1893.
Package hyperref Info: Backreferencing OFF on input line 1900.
Implicit mode ON; LaTeX internals redefined
Package hyperref Info: Bookmarks ON on input line 2004.
LaTeX Info: Redefining \url on input line 2143.
LaTeX Info: Redefining \hyperref on input line 2154.
\Fld@menulength=\count127
\Field@Width=\dimen217
\Fld@charsize=\dimen218
\Choice@toks=\toks21
\Field@toks=\toks22
Package hyperref Info: Hyper figures OFF on input line 2618.
Package hyperref Info: Link nesting OFF on input line 2623.
Package hyperref Info: Hyper index ON on input line 2626.
Package hyperref Info: backreferencing OFF on input line 2633.
Package hyperref Info: Link coloring ON on input line 2636.
\c@Item=\count128
\c@Hfootnote=\count129
)
*hyperref using driver hdvipdfm*
(/usr/share/texmf-tetex/tex/latex/hyperref/hdvipdfm.def
File: hdvipdfm.def 2003/11/30 v6.74m Hyperref driver for dvipdfm
\pdfm@box=\box39
\Fld@listcount=\count130
\@outlinefile=\write4
) (/usr/share/texmf-tetex/tex/latex/base/inputenc.sty
Package: inputenc 2004/02/05 v1.0d Input encoding file
(/usr/share/texmf-tetex/tex/latex/base/latin1.def
File: latin1.def 2004/02/05 v1.0d Input encoding file
))
\sizebox=\box40
\lthtmlwrite=\write5
(./images.aux)
\openout1 = `images.aux'.

LaTeX Font Info:    Checking defaults for OML/cmm/m/it on input line 225.
LaTeX Font Info:    ... okay on input line 225.
LaTeX Font Info:    Checking defaults for T1/cmr/m/n on input line 225.
LaTeX Font Info:    ... okay on input line 225.
LaTeX Font Info:    Checking defaults for OT1/cmr/m/n on input line 225.
LaTeX Font Info:    ... okay on input line 225.
LaTeX Font Info:    Checking defaults for OMS/cmsy/m/n on input line 225.
LaTeX Font Info:    ... okay on input line 225.
LaTeX Font Info:    Checking defaults for OMX/cmex/m/n on input line 225.
LaTeX Font Info:    ... okay on input line 225.
LaTeX Font Info:    Checking defaults for U/cmr/m/n on input line 225.
LaTeX Font Info:    ... okay on input line 225.
LaTeX Font Info:    Checking defaults for PD1/pdf/m/n on input line 225.
LaTeX Font Info:    ... okay on input line 225.
Package hyperref Info: Link coloring ON on input line 225.
(/usr/share/texmf-tetex/tex/latex/hyperref/nameref.sty
Package: nameref 2003/12/03 v2.21 Cross-referencing by name of section
\c@section@level=\count131
)
LaTeX Info: Redefining \ref on input line 225.
LaTeX Info: Redefining \pageref on input line 225.
\openout4 = `images.out'.


latex2htmlLength hsize=451.0pt

latex2htmlLength vsize=554.0pt

latex2htmlLength hoffset=0.0pt

latex2htmlLength voffset=0.0pt

latex2htmlLength topmargin=0.0pt

latex2htmlLength topskip=0.00003pt

latex2htmlLength headheight=0.0pt

latex2htmlLength headsep=0.0pt

latex2htmlLength parskip=7.22743pt

latex2htmlLength oddsidemargin=0.0pt

latex2htmlLength evensidemargin=0.0pt

LaTeX Font Info:    Try loading font information for U+msa on input line 270.
(/usr/share/texmf-tetex/tex/latex/amsfonts/umsa.fd
File: umsa.fd 2002/01/19 v2.2g AMS font definitions
)
LaTeX Font Info:    Try loading font information for U+msb on input line 270.
(/usr/share/texmf-tetex/tex/latex/amsfonts/umsb.fd
File: umsb.fd 2002/01/19 v2.2g AMS font definitions
)
Overfull \hbox (52.15225pt too wide) in paragraph at lines 270--314
[][] 
 []

l2hSize :figure667:477.59966pt::0.0pt::451.0pt.
[1



]
l2hSize :tex2html_wrap_inline21287:8.7125pt::8.7125pt::6.02254pt.
[2


]
l2hSize :figure2160:117.23753pt::0.0pt::451.0pt.
[3


]
l2hSize :figure2182:171.63756pt::0.0pt::451.0pt.
[4


]
l2hSize :figure2189:239.63759pt::0.0pt::451.0pt.
[5


]
l2hSize :tex2html_wrap_inline21357:7.22179pt::0.0pt::4.31995pt.
[6


]
l2hSize :tex2html_wrap_inline21359:9.52922pt::0.0pt::12.84784pt.
[7


]
l2hSize :figure2197:117.23753pt::0.0pt::451.0pt.
[8


]
l2hSize :figure2213:102.725pt::0.0pt::451.0pt.
[9


]
l2hSize :tex2html_wrap_inline21372:7.48248pt::0.0pt::7.89314pt.
[10


]
l2hSize :tex2html_wrap_inline21374:10.3129pt::10.3129pt::34.2305pt.
[11


]
l2hSize :tex2html_wrap_inline21376:8.10416pt::8.10416pt::26.40918pt.
[12


]
l2hSize :tex2html_wrap_inline21384:7.60416pt::0.0pt::5.68033pt.
[13


]
l2hSize :tex2html_wrap_inline21388:7.07185pt::0.0pt::7.1201pt.
[14


]
l2hSize :tex2html_wrap_inline21392:7.98248pt::7.98248pt::48.71721pt.
[15


]
l2hSize :tex2html_wrap_inline21394:7.98248pt::7.98248pt::54.15672pt.
[16


]
Overfull \hbox (18.75499pt too wide) detected at line 566
 [] 
 []

l2hSize :tex2html_wrap3334:130.21791pt::124.74294pt::451.0pt.
[17


]
l2hSize :tex2html_wrap_inline21411:8.7125pt::8.7125pt::61.4658pt.
[18


]
l2hSize :tex2html_wrap_inline21413:7.48248pt::0.0pt::9.2619pt.
[19


]
l2hSize :tex2html_wrap_inline21415:9.94032pt::9.94032pt::36.75798pt.
[20


]
l2hSize :tex2html_wrap_inline21417:9.94032pt::9.94032pt::35.29163pt.
[21


]
l2hSize :tex2html_wrap_inline21419:7.48248pt::0.0pt::9.5052pt.
[22


]
l2hSize :tex2html_wrap_inline21421:7.48248pt::0.0pt::9.06422pt.
[23


]
l2hSize :tex2html_wrap_inline21425:7.48248pt::0.0pt::8.1pt.
[24


]
l2hSize :tex2html_wrap_indisplay21429:8.7125pt::8.7125pt::177.02847pt.
[25


]
Overfull \hbox (18.75499pt too wide) detected at line 640
 [] 
 []

l2hSize :tex2html_wrap3348:54.3533pt::48.87831pt::451.0pt.
[26


]
Overfull \hbox (18.75499pt too wide) detected at line 670
 [] 
 []

l2hSize :tex2html_wrap3354:89.4179pt::83.94292pt::451.0pt.
[27


]
File: pbandc.eps Graphic file (type eps)
<pbandc.eps>
*** image for figure2939 is too tall at 541.02124pt, reducing to .95 vsize ***
l2hSize :figure2939:526.29831pt::0.0pt::451.0pt.
[28


]
l2hSize :displaymath21468:48.29997pt::0.0pt::451.0pt.
[29


]
l2hSize :tex2html_wrap_inline21470:7.57185pt::7.57185pt::6.05675pt.
[30


]
l2hSize :tex2html_wrap_inline21472:7.57185pt::7.57185pt::5.82863pt.
[31


]
l2hSize :tex2html_wrap_inline21474:7.57185pt::7.57185pt::35.41512pt.
[32


]
l2hSize :tex2html_wrap_inline21476:8.10416pt::8.10416pt::37.33641pt.
[33


]
l2hSize :tex2html_wrap_inline21478:7.57185pt::7.57185pt::47.74263pt.
[34


]
l2hSize :tex2html_wrap_indisplay21480:8.7125pt::8.7125pt::83.65088pt.
[35


]
l2hSize :tex2html_wrap_inline21482:7.07185pt::0.0pt::7.59279pt.
[36


]
l2hSize :tex2html_wrap_inline21484:7.4181pt::0.0pt::10.98729pt.
[37


]
l2hSize :tex2html_wrap_inline21486:7.07185pt::0.0pt::27.66771pt.
[38


]
l2hSize :tex2html_wrap_inline21488:9.52922pt::0.0pt::11.67941pt.
[39


]
l2hSize :tex2html_wrap_inline21490:7.07185pt::0.0pt::27.66771pt.
[40


]
l2hSize :tex2html_wrap_indisplay21494:10.57672pt::10.57672pt::178.51656pt.
[41


]
File: lploop.eps Graphic file (type eps)
<lploop.eps>
l2hSize :figure3040:340.02467pt::0.0pt::451.0pt.
[42


]
l2hSize :tex2html_wrap_inline21562:8.7125pt::8.7125pt::22.83936pt.
[43


]
l2hSize :tex2html_wrap_inline21564:7.72179pt::7.72179pt::24.05594pt.
[44


]
l2hSize :tex2html_wrap_inline21650:7.57185pt::7.57185pt::9.06422pt.
[45


]
l2hSize :tex2html_wrap_inline21652:7.57185pt::7.57185pt::9.06422pt.
[46


]
l2hSize :tex2html_wrap_inline23498:7.57185pt::7.57185pt::9.06422pt.
[47


]
l2hSize :tex2html_wrap_inline23500:7.57185pt::7.57185pt::9.06422pt.
[48


]
l2hSize :tex2html_wrap_inline23502:7.07185pt::0.0pt::9.06422pt.
[49


]
l2hSize :tex2html_wrap_inline23504:7.57185pt::7.57185pt::9.06422pt.
[50


]
l2hSize :tex2html_wrap_inline23506:9.52922pt::0.0pt::14.49023pt.
[51


]
l2hSize :tex2html_wrap_inline23508:8.8943pt::0.0pt::13.52263pt.
[52


]
l2hSize :tex2html_wrap_inline23512:7.57185pt::7.57185pt::59.9203pt.
[53


]
l2hSize :tex2html_wrap_inline23516:7.07185pt::0.0pt::9.06422pt.
[54


]
l2hSize :tex2html_wrap_inline23585:7.07185pt::0.0pt::4.99217pt.
[55


]
l2hSize :tex2html_wrap_inline24101:7.57185pt::7.57185pt::14.53923pt.
[56


]
l2hSize :tex2html_wrap_inline24228:8.86255pt::0.0pt::9.54765pt.
[57


] (./images.aux) ) 
Here is how much of TeX's memory you used:
 5754 strings out of 94501
 77420 string characters out of 1175794
 139998 words of memory out of 1000000
 8863 multiletter control sequences out of 10000+50000
 10076 words of font info for 39 fonts, out of 500000 for 2000
 580 hyphenation exceptions out of 8191
 32i,11n,42p,224b,296s stack positions out of 1500i,500n,5000p,200000b,5000s

Output written on images.dvi (57 pages, 27584 bytes).
