This is pdfTeX, Version 3.1415926-1.40.10 (TeX Live 2009/Debian) (format=latex 2012.7.31)  15 SEP 2013 12:13
entering extended mode
 %&-line parsing enabled.
**./images.tex
(./images.tex
LaTeX2e <2009/09/24>
Babel <v3.8l> and hyphenation patterns for english, usenglishmax, dumylang, noh
yphenation, loaded.

(/usr/share/texmf-texlive/tex/latex/base/book.cls
Document Class: book 2007/10/19 v1.4h Standard LaTeX document class
(/usr/share/texmf-texlive/tex/latex/base/bk11.clo
File: bk11.clo 2007/10/19 v1.4h Standard LaTeX file (size option)
)
\c@part=\count79
\c@chapter=\count80
\c@section=\count81
\c@subsection=\count82
\c@subsubsection=\count83
\c@paragraph=\count84
\c@subparagraph=\count85
\c@figure=\count86
\c@table=\count87
\abovecaptionskip=\skip41
\belowcaptionskip=\skip42
\bibindent=\dimen102
) (/usr/share/texmf-texlive/tex/latex/base/ifthen.sty
Package: ifthen 2001/05/26 v1.1c Standard LaTeX ifthen package (DPC)
)
\headwidth=\skip43
(/usr/share/texmf-texlive/tex/latex/graphics/epsfig.sty
Package: epsfig 1999/02/16 v1.7a (e)psfig emulation (SPQR)
(/usr/share/texmf-texlive/tex/latex/graphics/graphicx.sty
Package: graphicx 1999/02/16 v1.0f Enhanced LaTeX Graphics (DPC,SPQR)
(/usr/share/texmf-texlive/tex/latex/graphics/keyval.sty
Package: keyval 1999/03/16 v1.13 key=value parser (DPC)
\KV@toks@=\toks14
) (/usr/share/texmf-texlive/tex/latex/graphics/graphics.sty
Package: graphics 2009/02/05 v1.0o Standard LaTeX Graphics (DPC,SPQR)
(/usr/share/texmf-texlive/tex/latex/graphics/trig.sty
Package: trig 1999/03/16 v1.09 sin cos tan (DPC)
) (/etc/texmf/tex/latex/config/graphics.cfg
File: graphics.cfg 2009/08/28 v1.8 graphics configuration of TeX Live
)
Package graphics Info: Driver file: dvips.def on input line 91.
(/usr/share/texmf-texlive/tex/latex/graphics/dvips.def
File: dvips.def 1999/02/16 v3.0i Driver-dependant file (DPC,SPQR)
))
\Gin@req@height=\dimen103
\Gin@req@width=\dimen104
)
\epsfxsize=\dimen105
\epsfysize=\dimen106
) (/usr/share/texmf/tex/latex/html/html.sty
Package: html 1999/07/19 v1.38 hypertext commands for latex2html (nd, hws, rrm)

\c@lpart=\count88
\c@lchapter=\count89
\c@lsection=\count90
\c@lsubsection=\count91
\c@lsubsubsection=\count92
\c@lparagraph=\count93
\c@lsubparagraph=\count94
\c@lsubsubparagraph=\count95
\ptrfile=\write3
) (/usr/share/texmf-texlive/tex/latex/amsmath/amsmath.sty
Package: amsmath 2000/07/18 v2.13 AMS math features
\@mathmargin=\skip44
For additional information on amsmath, use the `?' option.
(/usr/share/texmf-texlive/tex/latex/amsmath/amstext.sty
Package: amstext 2000/06/29 v2.01
(/usr/share/texmf-texlive/tex/latex/amsmath/amsgen.sty
File: amsgen.sty 1999/11/30 v2.0
\@emptytoks=\toks15
\ex@=\dimen107
)) (/usr/share/texmf-texlive/tex/latex/amsmath/amsbsy.sty
Package: amsbsy 1999/11/29 v1.2d
\pmbraise@=\dimen108
) (/usr/share/texmf-texlive/tex/latex/amsmath/amsopn.sty
Package: amsopn 1999/12/14 v2.01 operator names
)
\inf@bad=\count96
LaTeX Info: Redefining \frac on input line 211.
\uproot@=\count97
\leftroot@=\count98
LaTeX Info: Redefining \overline on input line 307.
\classnum@=\count99
\DOTSCASE@=\count100
LaTeX Info: Redefining \ldots on input line 379.
LaTeX Info: Redefining \dots on input line 382.
LaTeX Info: Redefining \cdots on input line 467.
\Mathstrutbox@=\box26
\strutbox@=\box27
\big@size=\dimen109
LaTeX Font Info:    Redeclaring font encoding OML on input line 567.
LaTeX Font Info:    Redeclaring font encoding OMS on input line 568.
\macc@depth=\count101
\c@MaxMatrixCols=\count102
\dotsspace@=\muskip10
\c@parentequation=\count103
\dspbrk@lvl=\count104
\tag@help=\toks16
\row@=\count105
\column@=\count106
\maxfields@=\count107
\andhelp@=\toks17
\eqnshift@=\dimen110
\alignsep@=\dimen111
\tagshift@=\dimen112
\tagwidth@=\dimen113
\totwidth@=\dimen114
\lineht@=\dimen115
\@envbody=\toks18
\multlinegap=\skip45
\multlinetaggap=\skip46
\mathdisplay@stack=\toks19
LaTeX Info: Redefining \[ on input line 2666.
LaTeX Info: Redefining \] on input line 2667.
) (/usr/share/texmf-texlive/tex/latex/amsfonts/amssymb.sty
Package: amssymb 2009/06/22 v3.00
(/usr/share/texmf-texlive/tex/latex/amsfonts/amsfonts.sty
Package: amsfonts 2009/06/22 v3.00 Basic AMSFonts support
\symAMSa=\mathgroup4
\symAMSb=\mathgroup5
LaTeX Font Info:    Overwriting math alphabet `\mathfrak' in version `bold'
(Font)                  U/euf/m/n --> U/euf/b/n on input line 96.
)) (/usr/share/texmf-texlive/tex/latex/preprint/fullpage.sty
Package: fullpage 1999/02/23 1.1 (PWD)
\FP@margin=\skip47
) (/usr/share/texmf-texlive/tex/latex/easy/easyeqn.sty
Document Style `easyeqn' v1.94 <2002/03/18>.
(/usr/share/texmf-texlive/tex/latex/easy/easy.sty
Document Style `easy' v1.1 <2001/05/31>.
Package: easy 2001/05/31 v1.1
\@easy@level=\count108
\@easy@ncol=\count109
\@easy@nrow=\count110
\@easy@cnt=\count111
\@easy@boxviii=\box28
\@easy@minxviii=\dimen116
\@easy@minyviii=\dimen117
\@easy@maxxviii=\dimen118
\@easy@maxyviii=\dimen119
\@easy@boxvii=\box29
\@easy@minxvii=\dimen120
\@easy@minyvii=\dimen121
\@easy@maxxvii=\dimen122
\@easy@maxyvii=\dimen123
\@easy@boxvi=\box30
\@easy@minxvi=\dimen124
\@easy@minyvi=\dimen125
\@easy@maxxvi=\dimen126
\@easy@maxyvi=\dimen127
\@easy@boxv=\box31
\@easy@minxv=\dimen128
\@easy@minyv=\dimen129
\@easy@maxxv=\dimen130
\@easy@maxyv=\dimen131
\@easy@boxiv=\box32
\@easy@minxiv=\dimen132
\@easy@minyiv=\dimen133
\@easy@maxxiv=\dimen134
\@easy@maxyiv=\dimen135
\@easy@boxiii=\box33
\@easy@minxiii=\dimen136
\@easy@minyiii=\dimen137
\@easy@maxxiii=\dimen138
\@easy@maxyiii=\dimen139
\@easy@boxii=\box34
\@easy@minxii=\dimen140
\@easy@minyii=\dimen141
\@easy@maxxii=\dimen142
\@easy@maxyii=\dimen143
\@easy@boxi=\box35
\@easy@minxi=\dimen144
\@easy@minyi=\dimen145
\@easy@maxxi=\dimen146
\@easy@maxyi=\dimen147
\@easy@hsizexxx=\dimen148
\@easy@vsizexxx=\dimen149
\@easy@hsizexxix=\dimen150
\@easy@vsizexxix=\dimen151
\@easy@hsizexxviii=\dimen152
\@easy@vsizexxviii=\dimen153
\@easy@hsizexxvii=\dimen154
\@easy@vsizexxvii=\dimen155
\@easy@hsizexxvi=\dimen156
\@easy@vsizexxvi=\dimen157
\@easy@hsizexxv=\dimen158
\@easy@vsizexxv=\dimen159
\@easy@hsizexxiv=\dimen160
\@easy@vsizexxiv=\dimen161
\@easy@hsizexxiii=\dimen162
\@easy@vsizexxiii=\dimen163
\@easy@hsizexxii=\dimen164
\@easy@vsizexxii=\dimen165
\@easy@hsizexxi=\dimen166
\@easy@vsizexxi=\dimen167
\@easy@hsizexx=\dimen168
\@easy@vsizexx=\dimen169
\@easy@hsizexix=\dimen170
\@easy@vsizexix=\dimen171
\@easy@hsizexviii=\dimen172
\@easy@vsizexviii=\dimen173
\@easy@hsizexvii=\dimen174
\@easy@vsizexvii=\dimen175
\@easy@hsizexvi=\dimen176
\@easy@vsizexvi=\dimen177
\@easy@hsizexv=\dimen178
\@easy@vsizexv=\dimen179
\@easy@hsizexiv=\dimen180
\@easy@vsizexiv=\dimen181
\@easy@hsizexiii=\dimen182
\@easy@vsizexiii=\dimen183
\@easy@hsizexii=\dimen184
\@easy@vsizexii=\dimen185
\@easy@hsizexi=\dimen186
\@easy@vsizexi=\dimen187
\@easy@hsizex=\dimen188
\@easy@vsizex=\dimen189
\@easy@hsizeix=\dimen190
\@easy@vsizeix=\dimen191
\@easy@hsizeviii=\dimen192
\@easy@vsizeviii=\dimen193
\@easy@hsizevii=\dimen194
\@easy@vsizevii=\dimen195
\@easy@hsizevi=\dimen196
\@easy@vsizevi=\dimen197
\@easy@hsizev=\dimen198
\@easy@vsizev=\dimen199
\@easy@hsizeiv=\dimen200
\@easy@vsizeiv=\dimen201
\@easy@hsizeiii=\dimen202
\@easy@vsizeiii=\dimen203
\@easy@hsizeii=\dimen204
\@easy@vsizeii=\dimen205
\@easy@hsizei=\dimen206
\@easy@vsizei=\dimen207
\@easy@dash@len=\dimen208
\@easy@dash@sep=\dimen209
)
Package: easyeqn 2001/05/31 v1.1
\@EQ@leftmargin=\dimen210
\@EQ@col@sep=\dimen211
\@EQ@EQN@BOX=\box36
) (/usr/share/texmf-texlive/tex/latex/fancyvrb/fancyvrb.sty
Package: fancyvrb 2008/02/07

Style option: `fancyvrb' v2.7a, with DG/SPQR fixes, and firstline=lastline fix 
<2008/02/07> (tvz)
\FV@CodeLineNo=\count112
\FV@InFile=\read1
\FV@TabBox=\box37
\c@FancyVerbLine=\count113
\FV@StepNumber=\count114
\FV@OutFile=\write4
) (/usr/share/texmf-texlive/tex/latex/listings/listings.sty
\lst@mode=\count115
\lst@gtempboxa=\box38
\lst@token=\toks20
\lst@length=\count116
\lst@currlwidth=\dimen212
\lst@column=\count117
\lst@pos=\count118
\lst@lostspace=\dimen213
\lst@width=\dimen214
\lst@newlines=\count119
\lst@lineno=\count120
\lst@maxwidth=\dimen215
(/usr/share/texmf-texlive/tex/latex/listings/lstmisc.sty
File: lstmisc.sty 2007/02/22 1.4 (Carsten Heinz)
\c@lstnumber=\count121
\lst@skipnumbers=\count122
\lst@framebox=\box39
) (/usr/share/texmf-texlive/tex/latex/listings/listings.cfg
File: listings.cfg 2007/02/22 1.4 listings configuration
))
Package: listings 2007/02/22 1.4 (Carsten Heinz)
(/usr/share/texmf-texlive/tex/latex/ltxmisc/url.sty
\Urlmuskip=\muskip11
Package: url 2006/04/12  ver 3.3  Verb mode for urls, etc.
) (/usr/share/texmf-texlive/tex/latex/splitindex/splitidx.sty
Package: splitidx 2009/02/28 v1.1a multiple indices for LaTeX
) (/usr/share/texmf-texlive/tex/latex/graphics/color.sty
Package: color 2005/11/14 v1.0j Standard LaTeX Color (DPC)
(/etc/texmf/tex/latex/config/color.cfg
File: color.cfg 2007/01/18 v1.5 color configuration of teTeX/TeXLive
)
Package color Info: Driver file: dvips.def on input line 130.
(/usr/share/texmf-texlive/tex/latex/graphics/dvipsnam.def
File: dvipsnam.def 1999/02/16 v3.0i Driver-dependant file (DPC,SPQR)
))
\@indexfile=\write5
\openout5 = `images.idx'.

Writing index file images.idx
Using splitted index at images.idx
(/usr/share/texmf-texlive/tex/latex/listings/lstlang1.sty
File: lstlang1.sty 2004/09/05 1.3 listings language file
) (/usr/share/texmf-texlive/tex/latex/hyperref/hyperref.sty
Package: hyperref 2009/10/09 v6.79a Hypertext links for LaTeX
(/usr/share/texmf-texlive/tex/generic/oberdiek/ifpdf.sty
Package: ifpdf 2009/04/10 v2.0 Provides the ifpdf switch (HO)
Package ifpdf Info: pdfTeX in pdf mode not detected.
) (/usr/share/texmf-texlive/tex/generic/oberdiek/ifvtex.sty
Package: ifvtex 2008/11/04 v1.4 Switches for detecting VTeX and its modes (HO)
Package ifvtex Info: VTeX not detected.
) (/usr/share/texmf-texlive/tex/generic/ifxetex/ifxetex.sty
Package: ifxetex 2009/01/23 v0.5 Provides ifxetex conditional
) (/usr/share/texmf-texlive/tex/latex/oberdiek/hycolor.sty
Package: hycolor 2009/10/02 v1.5 Code for color options of hyperref/bookmark (H
O)
(/usr/share/texmf-texlive/tex/latex/oberdiek/xcolor-patch.sty
Package: xcolor-patch 2009/10/02 xcolor patch
))
\@linkdim=\dimen216
\Hy@linkcounter=\count123
\Hy@pagecounter=\count124
(/usr/share/texmf-texlive/tex/latex/hyperref/pd1enc.def
File: pd1enc.def 2009/10/09 v6.79a Hyperref: PDFDocEncoding definition (HO)
) (/usr/share/texmf-texlive/tex/generic/oberdiek/etexcmds.sty
Package: etexcmds 2007/12/12 v1.2 Prefix for e-TeX command names (HO)
(/usr/share/texmf-texlive/tex/generic/oberdiek/infwarerr.sty
Package: infwarerr 2007/09/09 v1.2 Providing info/warning/message (HO)
)
Package etexcmds Info: Could not find \expanded.
(etexcmds)             That can mean that you are not using pdfTeX 1.50 or
(etexcmds)             that some package has redefined \expanded.
(etexcmds)             In the latter case, load this package earlier.
) (/usr/share/texmf-texlive/tex/latex/latexconfig/hyperref.cfg
File: hyperref.cfg 2002/06/06 v1.2 hyperref configuration of TeXLive
) (/usr/share/texmf-texlive/tex/latex/oberdiek/kvoptions.sty
Package: kvoptions 2009/08/13 v3.4 Keyval support for LaTeX options (HO)
(/usr/share/texmf-texlive/tex/generic/oberdiek/kvsetkeys.sty
Package: kvsetkeys 2009/07/30 v1.5 Key value parser with default handler suppor
t (HO)
))
Package hyperref Info: Option `colorlinks' set `true' on input line 2864.
Package hyperref Info: Hyper figures OFF on input line 2975.
Package hyperref Info: Link nesting OFF on input line 2980.
Package hyperref Info: Hyper index ON on input line 2983.
Package hyperref Info: Plain pages OFF on input line 2990.
Package hyperref Info: Backreferencing OFF on input line 2995.
Implicit mode ON; LaTeX internals redefined
Package hyperref Info: Bookmarks ON on input line 3191.
LaTeX Info: Redefining \url on input line 3428.
LaTeX Info: Redefining \hyperref on input line 3439.
(/usr/share/texmf-texlive/tex/generic/oberdiek/bitset.sty
Package: bitset 2007/09/28 v1.0 Data type bit set (HO)
(/usr/share/texmf-texlive/tex/generic/oberdiek/intcalc.sty
Package: intcalc 2007/09/27 v1.1 Expandable integer calculations (HO)
) (/usr/share/texmf-texlive/tex/generic/oberdiek/bigintcalc.sty
Package: bigintcalc 2007/11/11 v1.1 Expandable big integer calculations (HO)
(/usr/share/texmf-texlive/tex/generic/oberdiek/pdftexcmds.sty
Package: pdftexcmds 2009/09/23 v0.6 LuaTeX support for pdfTeX utility functions
 (HO)
(/usr/share/texmf-texlive/tex/generic/oberdiek/ifluatex.sty
Package: ifluatex 2009/04/17 v1.2 Provides the ifluatex switch (HO)
Package ifluatex Info: LuaTeX not detected.
) (/usr/share/texmf-texlive/tex/generic/oberdiek/ltxcmds.sty
Package: ltxcmds 2009/08/05 v1.0 Some LaTeX kernel commands for general use (HO
)
)
Package pdftexcmds Info: LuaTeX not detected.
Package pdftexcmds Info: \pdf@primitive is available.
Package pdftexcmds Info: \pdf@ifprimitive is available.
)))
\Fld@menulength=\count125
\Field@Width=\dimen217
\Fld@charsize=\dimen218
\Field@toks=\toks21
Package hyperref Info: Hyper figures OFF on input line 4377.
Package hyperref Info: Link nesting OFF on input line 4382.
Package hyperref Info: Hyper index ON on input line 4385.
Package hyperref Info: backreferencing OFF on input line 4392.
Package hyperref Info: Link coloring ON on input line 4395.
Package hyperref Info: Link coloring with OCG OFF on input line 4402.
Package hyperref Info: PDF/A mode OFF on input line 4407.
(/usr/share/texmf-texlive/tex/generic/oberdiek/atbegshi.sty
Package: atbegshi 2008/07/31 v1.9 At begin shipout hook (HO)
)
\Hy@abspage=\count126
\c@Item=\count127
\c@Hfootnote=\count128
)
*hyperref using driver hdvipdfm*
(/usr/share/texmf-texlive/tex/latex/hyperref/hdvipdfm.def
File: hdvipdfm.def 2009/10/09 v6.79a Hyperref driver for dvipdfm
\pdfm@box=\box40
\c@Hy@AnnotLevel=\count129
\HyField@AnnotCount=\count130
\Fld@listcount=\count131
) (/usr/share/texmf-texlive/tex/latex/base/inputenc.sty
Package: inputenc 2008/03/30 v1.1d Input encoding file
\inpenc@prehook=\toks22
\inpenc@posthook=\toks23
(/usr/share/texmf-texlive/tex/latex/base/latin1.def
File: latin1.def 2008/03/30 v1.1d Input encoding file
))
\sizebox=\box41
\lthtmlwrite=\write6
(./images.aux)
\openout1 = `images.aux'.

LaTeX Font Info:    Checking defaults for OML/cmm/m/it on input line 231.
LaTeX Font Info:    ... okay on input line 231.
LaTeX Font Info:    Checking defaults for T1/cmr/m/n on input line 231.
LaTeX Font Info:    ... okay on input line 231.
LaTeX Font Info:    Checking defaults for OT1/cmr/m/n on input line 231.
LaTeX Font Info:    ... okay on input line 231.
LaTeX Font Info:    Checking defaults for OMS/cmsy/m/n on input line 231.
LaTeX Font Info:    ... okay on input line 231.
LaTeX Font Info:    Checking defaults for OMX/cmex/m/n on input line 231.
LaTeX Font Info:    ... okay on input line 231.
LaTeX Font Info:    Checking defaults for U/cmr/m/n on input line 231.
LaTeX Font Info:    ... okay on input line 231.
LaTeX Font Info:    Checking defaults for PD1/pdf/m/n on input line 231.
LaTeX Font Info:    ... okay on input line 231.
\c@lstlisting=\count132
Package hyperref Info: Link coloring ON on input line 231.
(/usr/share/texmf-texlive/tex/latex/hyperref/nameref.sty
Package: nameref 2007/05/29 v2.31 Cross-referencing by name of section
(/usr/share/texmf-texlive/tex/latex/oberdiek/refcount.sty
Package: refcount 2008/08/11 v3.1 Data extraction from references (HO)
)
\c@section@level=\count133
)
LaTeX Info: Redefining \ref on input line 231.
LaTeX Info: Redefining \pageref on input line 231.
\@outlinefile=\write7
\openout7 = `images.out'.

\AtBeginShipoutBox=\box42

latex2htmlLength hsize=451.0pt

latex2htmlLength vsize=554.0pt

latex2htmlLength hoffset=0.0pt

latex2htmlLength voffset=0.0pt

latex2htmlLength topmargin=0.0pt

latex2htmlLength topskip=0.00003pt

latex2htmlLength headheight=0.0pt

latex2htmlLength headsep=0.0pt

latex2htmlLength parskip=7.22743pt

latex2htmlLength oddsidemargin=0.0pt

latex2htmlLength evensidemargin=0.0pt

LaTeX Font Info:    Try loading font information for U+msa on input line 276.
(/usr/share/texmf-texlive/tex/latex/amsfonts/umsa.fd
File: umsa.fd 2009/06/22 v3.00 AMS symbols A
)
LaTeX Font Info:    Try loading font information for U+msb on input line 276.
(/usr/share/texmf-texlive/tex/latex/amsfonts/umsb.fd
File: umsb.fd 2009/06/22 v3.00 AMS symbols B
)
Overfull \hbox (131.85928pt too wide) in paragraph at lines 276--318
[][] 
 []

l2hSize :figure615:450.39967pt::0.0pt::451.0pt.
[1



]
l2hSize :tex2html_wrap_inline22122:8.7125pt::8.7125pt::6.02254pt.
[2


]
l2hSize :figure1870:117.23753pt::0.0pt::451.0pt.
[3


]
l2hSize :figure1895:171.63756pt::0.0pt::451.0pt.
[4


]
l2hSize :figure1902:239.63759pt::0.0pt::451.0pt.
[5


]
l2hSize :tex2html_wrap_inline22182:7.22179pt::0.0pt::4.31995pt.
[6


]
l2hSize :tex2html_wrap_inline22184:9.52922pt::0.0pt::12.84784pt.
[7


]
l2hSize :figure1910:117.23753pt::0.0pt::451.0pt.
[8


]
l2hSize :figure1926:102.725pt::0.0pt::451.0pt.
[9


]
l2hSize :tex2html_wrap_inline22197:7.48248pt::0.0pt::7.89314pt.
[10


]
l2hSize :tex2html_wrap_inline22199:10.3129pt::10.3129pt::34.2305pt.
[11


]
l2hSize :tex2html_wrap_inline22201:8.10416pt::8.10416pt::26.40918pt.
[12


]
l2hSize :tex2html_wrap_inline22209:7.60416pt::0.0pt::5.68033pt.
[13


]
l2hSize :tex2html_wrap_inline22213:7.07185pt::0.0pt::7.1201pt.
[14


]
l2hSize :tex2html_wrap_inline22217:7.98248pt::7.98248pt::48.71721pt.
[15


]
l2hSize :tex2html_wrap_inline22219:7.98248pt::7.98248pt::54.15672pt.
[16


]
Overfull \hbox (18.75499pt too wide) detected at line 570
 [] 
 []

l2hSize :tex2html_wrap3058:130.21791pt::124.74294pt::451.0pt.
[17


]
l2hSize :tex2html_wrap_inline22236:8.7125pt::8.7125pt::61.4658pt.
[18


]
l2hSize :tex2html_wrap_inline22238:7.48248pt::0.0pt::9.2619pt.
[19


]
l2hSize :tex2html_wrap_inline22240:9.94032pt::9.94032pt::36.75798pt.
[20


]
l2hSize :tex2html_wrap_inline22242:9.94032pt::9.94032pt::35.29163pt.
[21


]
l2hSize :tex2html_wrap_inline22244:7.48248pt::0.0pt::9.5052pt.
[22


]
l2hSize :tex2html_wrap_inline22246:7.48248pt::0.0pt::9.06422pt.
[23


]
l2hSize :tex2html_wrap_inline22250:7.48248pt::0.0pt::8.1pt.
[24


]
l2hSize :tex2html_wrap_indisplay22254:8.7125pt::8.7125pt::177.02847pt.
[25


]
Overfull \hbox (18.75499pt too wide) detected at line 644
 [] 
 []

l2hSize :tex2html_wrap3072:54.3533pt::48.87831pt::451.0pt.
[26


]
Overfull \hbox (18.75499pt too wide) detected at line 674
 [] 
 []

l2hSize :tex2html_wrap3078:89.4179pt::83.94292pt::451.0pt.
[27


]
File: pbandc.eps Graphic file (type eps)
<pbandc.eps>
*** image for figure2658 is too tall at 541.02124pt, reducing to .95 vsize ***
l2hSize :figure2658:526.29831pt::0.0pt::451.0pt.
[28


]
l2hSize :displaymath22293:48.29997pt::0.0pt::451.0pt.
[29


]
l2hSize :tex2html_wrap_inline22295:7.57185pt::7.57185pt::6.05675pt.
[30


]
l2hSize :tex2html_wrap_inline22297:7.57185pt::7.57185pt::5.82863pt.
[31


]
l2hSize :tex2html_wrap_inline22299:7.57185pt::7.57185pt::35.41512pt.
[32


]
l2hSize :tex2html_wrap_inline22301:8.10416pt::8.10416pt::37.33641pt.
[33


]
l2hSize :tex2html_wrap_inline22303:7.57185pt::7.57185pt::47.74263pt.
[34


]
l2hSize :tex2html_wrap_indisplay22305:8.7125pt::8.7125pt::83.65088pt.
[35


]
l2hSize :tex2html_wrap_inline22307:7.07185pt::0.0pt::7.59279pt.
[36


]
l2hSize :tex2html_wrap_inline22309:7.4181pt::0.0pt::10.98729pt.
[37


]
l2hSize :tex2html_wrap_inline22311:7.07185pt::0.0pt::27.66771pt.
[38


]
l2hSize :tex2html_wrap_inline22313:9.52922pt::0.0pt::11.67941pt.
[39


]
l2hSize :tex2html_wrap_inline22315:7.07185pt::0.0pt::27.66771pt.
[40


]
l2hSize :tex2html_wrap_indisplay22319:10.57672pt::10.57672pt::178.51656pt.
[41


]
File: lploop.eps Graphic file (type eps)
<lploop.eps>
l2hSize :figure2759:340.02467pt::0.0pt::451.0pt.
[42


]
l2hSize :tex2html_wrap_inline22386:8.7125pt::8.7125pt::22.83936pt.
[43


]
l2hSize :tex2html_wrap_inline22388:7.72179pt::7.72179pt::24.05594pt.
[44


]
l2hSize :tex2html_wrap_inline22474:7.57185pt::7.57185pt::9.06422pt.
[45


]
l2hSize :tex2html_wrap_inline22476:7.57185pt::7.57185pt::9.06422pt.
[46


]
l2hSize :tex2html_wrap_inline24322:7.57185pt::7.57185pt::9.06422pt.
[47


]
l2hSize :tex2html_wrap_inline24324:7.57185pt::7.57185pt::9.06422pt.
[48


]
l2hSize :tex2html_wrap_inline24326:7.07185pt::0.0pt::9.06422pt.
[49


]
l2hSize :tex2html_wrap_inline24328:7.57185pt::7.57185pt::9.06422pt.
[50


]
l2hSize :tex2html_wrap_inline24330:9.52922pt::0.0pt::14.49023pt.
[51


]
l2hSize :tex2html_wrap_inline24332:8.8943pt::0.0pt::13.52263pt.
[52


]
l2hSize :tex2html_wrap_inline24336:7.57185pt::7.57185pt::59.9203pt.
[53


]
l2hSize :tex2html_wrap_inline24340:7.07185pt::0.0pt::9.06422pt.
[54


]
l2hSize :tex2html_wrap_inline24409:7.07185pt::0.0pt::4.99217pt.
[55


]
l2hSize :tex2html_wrap_inline24925:7.57185pt::7.57185pt::14.53923pt.
[56


]
l2hSize :tex2html_wrap_inline25052:8.86255pt::0.0pt::9.54765pt.
[57


]
l2hSize :tex2html_wrap_inline25422:7.07185pt::0.0pt::6.02254pt.
[58


]
l2hSize :tex2html_wrap_inline25424:7.07185pt::0.0pt::6.02254pt.
[59


]
l2hSize :tex2html_wrap_inline25426:7.07185pt::0.0pt::6.02254pt.
[60


]
l2hSize :tex2html_wrap_inline25546:9.9384pt::9.9384pt::30.78432pt.
[61


]
l2hSize :tex2html_wrap_inline25548:7.22179pt::0.0pt::4.31995pt.
[62


]
l2hSize :tex2html_wrap_inline25552:9.9384pt::9.9384pt::226.29233pt.
[63


]
l2hSize :tex2html_wrap_inline25554:7.07185pt::0.0pt::7.59279pt.
[64


]
l2hSize :tex2html_wrap_inline25556:8.7125pt::8.7125pt::22.44753pt.
[65


] (./images.aux) ) 
Here is how much of TeX's memory you used:
 7601 strings out of 495062
 106424 string characters out of 1182644
 187995 words of memory out of 3000000
 10666 multiletter control sequences out of 15000+50000
 10067 words of font info for 39 fonts, out of 3000000 for 9000
 28 hyphenation exceptions out of 8191
 38i,11n,32p,265b,334s stack positions out of 5000i,500n,10000p,200000b,50000s

Output written on images.dvi (65 pages, 29340 bytes).
