This is pdfTeX, Version 3.14159265-2.6-1.40.20 (TeX Live 2019/Debian) (preloaded format=pdflatex 2024.3.15)  24 MAR 2024 11:37
entering extended mode
 restricted \write18 enabled.
 %&-line parsing enabled.
**./images.tex
(./images.tex
LaTeX2e <2020-02-02> patch level 2
L3 programming layer <2020-02-14>
(/usr/share/texlive/texmf-dist/tex/latex/base/book.cls
Document Class: book 2019/12/20 v1.4l Standard LaTeX document class
(/usr/share/texlive/texmf-dist/tex/latex/base/bk11.clo
File: bk11.clo 2019/12/20 v1.4l Standard LaTeX file (size option)
)
\c@part=\count167
\c@chapter=\count168
\c@section=\count169
\c@subsection=\count170
\c@subsubsection=\count171
\c@paragraph=\count172
\c@subparagraph=\count173
\c@figure=\count174
\c@table=\count175
\abovecaptionskip=\skip47
\belowcaptionskip=\skip48
\bibindent=\dimen134
) (/usr/share/texlive/texmf-dist/tex/latex/base/ifthen.sty
Package: ifthen 2014/09/29 v1.1c Standard LaTeX ifthen package (DPC)
) (/usr/local/share/texmf/tex/latex/html/html.sty (/usr/share/texlive/texmf-dis
t/tex/latex/hyperref/hyperref.sty
Package: hyperref 2020/01/14 v7.00d Hypertext links for LaTeX
(/usr/share/texlive/texmf-dist/tex/generic/ltxcmds/ltxcmds.sty
Package: ltxcmds 2019/12/15 v1.24 LaTeX kernel commands for general use (HO)
) (/usr/share/texlive/texmf-dist/tex/generic/iftex/iftex.sty
Package: iftex 2019/11/07 v1.0c TeX engine tests
) (/usr/share/texlive/texmf-dist/tex/latex/pdftexcmds/pdftexcmds.sty
Package: pdftexcmds 2019/11/24 v0.31 Utility functions of pdfTeX for LuaTeX (HO
)
(/usr/share/texlive/texmf-dist/tex/generic/infwarerr/infwarerr.sty
Package: infwarerr 2019/12/03 v1.5 Providing info/warning/error messages (HO)
)
Package pdftexcmds Info: \pdf@primitive is available.
Package pdftexcmds Info: \pdf@ifprimitive is available.
Package pdftexcmds Info: \pdfdraftmode found.
) (/usr/share/texlive/texmf-dist/tex/latex/graphics/keyval.sty
Package: keyval 2014/10/28 v1.15 key=value parser (DPC)
\KV@toks@=\toks14
) (/usr/share/texlive/texmf-dist/tex/generic/kvsetkeys/kvsetkeys.sty
Package: kvsetkeys 2019/12/15 v1.18 Key value parser (HO)
) (/usr/share/texlive/texmf-dist/tex/generic/kvdefinekeys/kvdefinekeys.sty
Package: kvdefinekeys 2019-12-19 v1.6 Define keys (HO)
) (/usr/share/texlive/texmf-dist/tex/generic/pdfescape/pdfescape.sty
Package: pdfescape 2019/12/09 v1.15 Implements pdfTeX's escape features (HO)
) (/usr/share/texlive/texmf-dist/tex/latex/hycolor/hycolor.sty
Package: hycolor 2020-01-27 v1.10 Color options for hyperref/bookmark (HO)
) (/usr/share/texlive/texmf-dist/tex/latex/letltxmacro/letltxmacro.sty
Package: letltxmacro 2019/12/03 v1.6 Let assignment for LaTeX macros (HO)
) (/usr/share/texlive/texmf-dist/tex/latex/auxhook/auxhook.sty
Package: auxhook 2019-12-17 v1.6 Hooks for auxiliary files (HO)
) (/usr/share/texlive/texmf-dist/tex/latex/kvoptions/kvoptions.sty
Package: kvoptions 2019/11/29 v3.13 Key value format for package options (HO)
)
\@linkdim=\dimen135
\Hy@linkcounter=\count176
\Hy@pagecounter=\count177
(/usr/share/texlive/texmf-dist/tex/latex/hyperref/pd1enc.def
File: pd1enc.def 2020/01/14 v7.00d Hyperref: PDFDocEncoding definition (HO)
Now handling font encoding PD1 ...
... no UTF-8 mapping file for font encoding PD1
) (/usr/share/texlive/texmf-dist/tex/generic/intcalc/intcalc.sty
Package: intcalc 2019/12/15 v1.3 Expandable calculations with integers (HO)
) (/usr/share/texlive/texmf-dist/tex/generic/etexcmds/etexcmds.sty
Package: etexcmds 2019/12/15 v1.7 Avoid name clashes with e-TeX commands (HO)
)
\Hy@SavedSpaceFactor=\count178
\pdfmajorversion=\count179
Package hyperref Info: Hyper figures OFF on input line 4547.
Package hyperref Info: Link nesting OFF on input line 4552.
Package hyperref Info: Hyper index ON on input line 4555.
Package hyperref Info: Plain pages OFF on input line 4562.
Package hyperref Info: Backreferencing OFF on input line 4567.
Package hyperref Info: Implicit mode ON; LaTeX internals redefined.
Package hyperref Info: Bookmarks ON on input line 4800.
\c@Hy@tempcnt=\count180
(/usr/share/texlive/texmf-dist/tex/latex/url/url.sty
\Urlmuskip=\muskip16
Package: url 2013/09/16  ver 3.4  Verb mode for urls, etc.
)
LaTeX Info: Redefining \url on input line 5159.
\XeTeXLinkMargin=\dimen136
(/usr/share/texlive/texmf-dist/tex/generic/bitset/bitset.sty
Package: bitset 2019/12/09 v1.3 Handle bit-vector datatype (HO)
(/usr/share/texlive/texmf-dist/tex/generic/bigintcalc/bigintcalc.sty
Package: bigintcalc 2019/12/15 v1.5 Expandable calculations on big integers (HO
)
))
\Fld@menulength=\count181
\Field@Width=\dimen137
\Fld@charsize=\dimen138
Package hyperref Info: Hyper figures OFF on input line 6430.
Package hyperref Info: Link nesting OFF on input line 6435.
Package hyperref Info: Hyper index ON on input line 6438.
Package hyperref Info: backreferencing OFF on input line 6445.
Package hyperref Info: Link coloring OFF on input line 6450.
Package hyperref Info: Link coloring with OCG OFF on input line 6455.
Package hyperref Info: PDF/A mode OFF on input line 6460.
LaTeX Info: Redefining \ref on input line 6500.
LaTeX Info: Redefining \pageref on input line 6504.
(/usr/share/texlive/texmf-dist/tex/generic/atbegshi/atbegshi.sty
Package: atbegshi 2019/12/05 v1.19 At begin shipout hook (HO)
)
\Hy@abspage=\count182
\c@Item=\count183
\c@Hfootnote=\count184
)
Package hyperref Info: Driver: hpdftex.
(/usr/share/texlive/texmf-dist/tex/latex/hyperref/hpdftex.def
File: hpdftex.def 2020/01/14 v7.00d Hyperref driver for pdfTeX
(/usr/share/texlive/texmf-dist/tex/latex/atveryend/atveryend.sty
Package: atveryend 2019-12-11 v1.11 Hooks at the very end of document (HO)
Package atveryend Info: \enddocument detected (standard20110627).
)
\Fld@listcount=\count185
\c@bookmark@seq@number=\count186
(/usr/share/texlive/texmf-dist/tex/latex/rerunfilecheck/rerunfilecheck.sty
Package: rerunfilecheck 2019/12/05 v1.9 Rerun checks for auxiliary files (HO)
(/usr/share/texlive/texmf-dist/tex/generic/uniquecounter/uniquecounter.sty
Package: uniquecounter 2019/12/15 v1.4 Provide unlimited unique counter (HO)
)
Package uniquecounter Info: New unique counter `rerunfilecheck' on input line 2
86.
)
\Hy@SectionHShift=\skip49
)
Package: html 1999/07/19 v1.38 hypertext commands for latex2html (nd, hws, rrm)

\c@lpart=\count187
\c@lchapter=\count188
\c@lsection=\count189
\c@lsubsection=\count190
\c@lsubsubsection=\count191
\c@lparagraph=\count192
\c@lsubparagraph=\count193
\c@lsubsubparagraph=\count194
\ptrfile=\write3
)
\headwidth=\skip50
(/usr/share/texlive/texmf-dist/tex/latex/graphics/graphicx.sty
Package: graphicx 2019/11/30 v1.2a Enhanced LaTeX Graphics (DPC,SPQR)
(/usr/share/texlive/texmf-dist/tex/latex/graphics/graphics.sty
Package: graphics 2019/11/30 v1.4a Standard LaTeX Graphics (DPC,SPQR)
(/usr/share/texlive/texmf-dist/tex/latex/graphics/trig.sty
Package: trig 2016/01/03 v1.10 sin cos tan (DPC)
) (/usr/share/texlive/texmf-dist/tex/latex/graphics-cfg/graphics.cfg
File: graphics.cfg 2016/06/04 v1.11 sample graphics configuration
)
Package graphics Info: Driver file: pdftex.def on input line 105.
(/usr/share/texlive/texmf-dist/tex/latex/graphics-def/pdftex.def
File: pdftex.def 2018/01/08 v1.0l Graphics/color driver for pdftex
))
\Gin@req@height=\dimen139
\Gin@req@width=\dimen140
) (/usr/share/texlive/texmf-dist/tex/latex/amsmath/amsmath.sty
Package: amsmath 2020/01/20 v2.17e AMS math features
\@mathmargin=\skip51
For additional information on amsmath, use the `?' option.
(/usr/share/texlive/texmf-dist/tex/latex/amsmath/amstext.sty
Package: amstext 2000/06/29 v2.01 AMS text
(/usr/share/texlive/texmf-dist/tex/latex/amsmath/amsgen.sty
File: amsgen.sty 1999/11/30 v2.0 generic functions
\@emptytoks=\toks15
\ex@=\dimen141
)) (/usr/share/texlive/texmf-dist/tex/latex/amsmath/amsbsy.sty
Package: amsbsy 1999/11/29 v1.2d Bold Symbols
\pmbraise@=\dimen142
) (/usr/share/texlive/texmf-dist/tex/latex/amsmath/amsopn.sty
Package: amsopn 2016/03/08 v2.02 operator names
)
\inf@bad=\count195
LaTeX Info: Redefining \frac on input line 227.
\uproot@=\count196
\leftroot@=\count197
LaTeX Info: Redefining \overline on input line 389.
\classnum@=\count198
\DOTSCASE@=\count199
LaTeX Info: Redefining \ldots on input line 486.
LaTeX Info: Redefining \dots on input line 489.
LaTeX Info: Redefining \cdots on input line 610.
\Mathstrutbox@=\box45
\strutbox@=\box46
\big@size=\dimen143
LaTeX Font Info:    Redeclaring font encoding OML on input line 733.
LaTeX Font Info:    Redeclaring font encoding OMS on input line 734.
\macc@depth=\count266
\c@MaxMatrixCols=\count267
\dotsspace@=\muskip17
\c@parentequation=\count268
\dspbrk@lvl=\count269
\tag@help=\toks16
\row@=\count270
\column@=\count271
\maxfields@=\count272
\andhelp@=\toks17
\eqnshift@=\dimen144
\alignsep@=\dimen145
\tagshift@=\dimen146
\tagwidth@=\dimen147
\totwidth@=\dimen148
\lineht@=\dimen149
\@envbody=\toks18
\multlinegap=\skip52
\multlinetaggap=\skip53
\mathdisplay@stack=\toks19
LaTeX Info: Redefining \[ on input line 2859.
LaTeX Info: Redefining \] on input line 2860.
) (/usr/share/texlive/texmf-dist/tex/latex/amsfonts/amssymb.sty
Package: amssymb 2013/01/14 v3.01 AMS font symbols
(/usr/share/texlive/texmf-dist/tex/latex/amsfonts/amsfonts.sty
Package: amsfonts 2013/01/14 v3.01 Basic AMSFonts support
\symAMSa=\mathgroup4
\symAMSb=\mathgroup5
LaTeX Font Info:    Redeclaring math symbol \hbar on input line 98.
LaTeX Font Info:    Overwriting math alphabet `\mathfrak' in version `bold'
(Font)                  U/euf/m/n --> U/euf/b/n on input line 106.
)) (/usr/share/texlive/texmf-dist/tex/latex/preprint/fullpage.sty
Package: fullpage 1999/02/23 1.1 (PWD)
\FP@margin=\skip54
) (/usr/share/texlive/texmf-dist/tex/latex/easy/easyeqn.sty
Document Style `easyeqn' v1.94 <2002/03/18>.
(/usr/share/texlive/texmf-dist/tex/latex/easy/easy.sty
Document Style `easy' v1.1 <2001/05/31>.
Package: easy 2001/05/31 v1.1
\@easy@level=\count273
\@easy@ncol=\count274
\@easy@nrow=\count275
\@easy@cnt=\count276
\@easy@boxviii=\box47
\@easy@minxviii=\dimen150
\@easy@minyviii=\dimen151
\@easy@maxxviii=\dimen152
\@easy@maxyviii=\dimen153
\@easy@boxvii=\box48
\@easy@minxvii=\dimen154
\@easy@minyvii=\dimen155
\@easy@maxxvii=\dimen156
\@easy@maxyvii=\dimen157
\@easy@boxvi=\box49
\@easy@minxvi=\dimen158
\@easy@minyvi=\dimen159
\@easy@maxxvi=\dimen160
\@easy@maxyvi=\dimen161
\@easy@boxv=\box50
\@easy@minxv=\dimen162
\@easy@minyv=\dimen163
\@easy@maxxv=\dimen164
\@easy@maxyv=\dimen165
\@easy@boxiv=\box51
\@easy@minxiv=\dimen166
\@easy@minyiv=\dimen167
\@easy@maxxiv=\dimen168
\@easy@maxyiv=\dimen169
\@easy@boxiii=\box52
\@easy@minxiii=\dimen170
\@easy@minyiii=\dimen171
\@easy@maxxiii=\dimen172
\@easy@maxyiii=\dimen173
\@easy@boxii=\box53
\@easy@minxii=\dimen174
\@easy@minyii=\dimen175
\@easy@maxxii=\dimen176
\@easy@maxyii=\dimen177
\@easy@boxi=\box54
\@easy@minxi=\dimen178
\@easy@minyi=\dimen179
\@easy@maxxi=\dimen180
\@easy@maxyi=\dimen181
\@easy@hsizexxx=\dimen182
\@easy@vsizexxx=\dimen183
\@easy@hsizexxix=\dimen184
\@easy@vsizexxix=\dimen185
\@easy@hsizexxviii=\dimen186
\@easy@vsizexxviii=\dimen187
\@easy@hsizexxvii=\dimen188
\@easy@vsizexxvii=\dimen189
\@easy@hsizexxvi=\dimen190
\@easy@vsizexxvi=\dimen191
\@easy@hsizexxv=\dimen192
\@easy@vsizexxv=\dimen193
\@easy@hsizexxiv=\dimen194
\@easy@vsizexxiv=\dimen195
\@easy@hsizexxiii=\dimen196
\@easy@vsizexxiii=\dimen197
\@easy@hsizexxii=\dimen198
\@easy@vsizexxii=\dimen199
\@easy@hsizexxi=\dimen256
\@easy@vsizexxi=\dimen257
\@easy@hsizexx=\dimen258
\@easy@vsizexx=\dimen259
\@easy@hsizexix=\dimen260
\@easy@vsizexix=\dimen261
\@easy@hsizexviii=\dimen262
\@easy@vsizexviii=\dimen263
\@easy@hsizexvii=\dimen264
\@easy@vsizexvii=\dimen265
\@easy@hsizexvi=\dimen266
\@easy@vsizexvi=\dimen267
\@easy@hsizexv=\dimen268
\@easy@vsizexv=\dimen269
\@easy@hsizexiv=\dimen270
\@easy@vsizexiv=\dimen271
\@easy@hsizexiii=\dimen272
\@easy@vsizexiii=\dimen273
\@easy@hsizexii=\dimen274
\@easy@vsizexii=\dimen275
\@easy@hsizexi=\dimen276
\@easy@vsizexi=\dimen277
\@easy@hsizex=\dimen278
\@easy@vsizex=\dimen279
\@easy@hsizeix=\dimen280
\@easy@vsizeix=\dimen281
\@easy@hsizeviii=\dimen282
\@easy@vsizeviii=\dimen283
\@easy@hsizevii=\dimen284
\@easy@vsizevii=\dimen285
\@easy@hsizevi=\dimen286
\@easy@vsizevi=\dimen287
\@easy@hsizev=\dimen288
\@easy@vsizev=\dimen289
\@easy@hsizeiv=\dimen290
\@easy@vsizeiv=\dimen291
\@easy@hsizeiii=\dimen292
\@easy@vsizeiii=\dimen293
\@easy@hsizeii=\dimen294
\@easy@vsizeii=\dimen295
\@easy@hsizei=\dimen296
\@easy@vsizei=\dimen297
\@easy@dash@len=\dimen298
\@easy@dash@sep=\dimen299
)
Package: easyeqn 2001/05/31 v1.1
\@EQ@leftmargin=\dimen300
\@EQ@col@sep=\dimen301
\@EQ@EQN@BOX=\box55
) (/usr/share/texlive/texmf-dist/tex/latex/fancyvrb/fancyvrb.sty
Package: fancyvrb 2020/01/13 v3.5 verbatim text (tvz,hv)
\FV@CodeLineNo=\count277
\FV@InFile=\read2
\FV@TabBox=\box56
\c@FancyVerbLine=\count278
\FV@StepNumber=\count279
\FV@OutFile=\write4
) (/usr/share/texlive/texmf-dist/tex/latex/listings/listings.sty
\lst@mode=\count280
\lst@gtempboxa=\box57
\lst@token=\toks20
\lst@length=\count281
\lst@currlwidth=\dimen302
\lst@column=\count282
\lst@pos=\count283
\lst@lostspace=\dimen303
\lst@width=\dimen304
\lst@newlines=\count284
\lst@lineno=\count285
\lst@maxwidth=\dimen305
(/usr/share/texlive/texmf-dist/tex/latex/listings/lstmisc.sty
File: lstmisc.sty 2019/09/10 1.8c (Carsten Heinz)
\c@lstnumber=\count286
\lst@skipnumbers=\count287
\lst@framebox=\box58
) (/usr/share/texlive/texmf-dist/tex/latex/listings/listings.cfg
File: listings.cfg 2019/09/10 1.8c listings configuration
))
Package: listings 2019/09/10 1.8c (Carsten Heinz)
(/usr/share/texlive/texmf-dist/tex/latex/base/inputenc.sty
Package: inputenc 2018/08/11 v1.3c Input encoding file
\inpenc@prehook=\toks21
\inpenc@posthook=\toks22
(/usr/share/texlive/texmf-dist/tex/latex/base/latin1.def
File: latin1.def 2018/08/11 v1.3c Input encoding file
)) (/usr/share/texlive/texmf-dist/tex/latex/xcolor/xcolor.sty
Package: xcolor 2016/05/11 v2.12 LaTeX color extensions (UK)
(/usr/share/texlive/texmf-dist/tex/latex/graphics-cfg/color.cfg
File: color.cfg 2016/01/02 v1.6 sample color configuration
)
Package xcolor Info: Driver file: pdftex.def on input line 225.
Package xcolor Info: Model `cmy' substituted by `cmy0' on input line 1348.
Package xcolor Info: Model `hsb' substituted by `rgb' on input line 1352.
Package xcolor Info: Model `RGB' extended on input line 1364.
Package xcolor Info: Model `HTML' substituted by `rgb' on input line 1366.
Package xcolor Info: Model `Hsb' substituted by `hsb' on input line 1367.
Package xcolor Info: Model `tHsb' substituted by `hsb' on input line 1368.
Package xcolor Info: Model `HSB' substituted by `hsb' on input line 1369.
Package xcolor Info: Model `Gray' substituted by `gray' on input line 1370.
Package xcolor Info: Model `wave' substituted by `hsb' on input line 1371.
(/usr/share/texlive/texmf-dist/tex/latex/graphics/dvipsnam.def
File: dvipsnam.def 2016/06/17 v3.0m Driver-dependent file (DPC,SPQR)
)) (/usr/share/texlive/texmf-dist/tex/latex/splitindex/splitidx.sty
Package: splitidx 2016/02/18 v1.2c multiple indices for LaTeX
)
\@indexfile=\write5
\openout5 = `images.idx'.

Writing index file images.idx
Using splitted index at images.idx
(/usr/share/texlive/texmf-dist/tex/latex/listings/lstlang1.sty
File: lstlang1.sty 2019/09/10 1.8c listings language file
)
\sizebox=\box59
\lthtmlwrite=\write6
(/usr/share/texmf/tex/latex/preview/preview.sty
Package: preview 2017/04/24 11.91 (AUCTeX/preview-latex)
(/usr/share/texlive/texmf-dist/tex/generic/luatex85/luatex85.sty
Package: luatex85 2016/06/15 v1.4 pdftex aliases for luatex
) (/usr/share/texmf/tex/latex/preview/prtightpage.def
\PreviewBorder=\dimen306
)
\pr@snippet=\count288
\pr@box=\box60
\pr@output=\toks23
)
\lthtmlPageBox=\box61
\lthtmlCropMarkHeight=\dimen307
\lthtmlCropMarkDepth=\dimen308
(/usr/share/texlive/texmf-dist/tex/latex/l3backend/l3backend-pdfmode.def
File: l3backend-pdfmode.def 2020-02-03 L3 backend support: PDF mode
\l__kernel_color_stack_int=\count289
\l__pdf_internal_box=\box62
) (./images.aux)
\openout1 = `images.aux'.

LaTeX Font Info:    Checking defaults for OML/cmm/m/it on input line 212.
LaTeX Font Info:    ... okay on input line 212.
LaTeX Font Info:    Checking defaults for OMS/cmsy/m/n on input line 212.
LaTeX Font Info:    ... okay on input line 212.
LaTeX Font Info:    Checking defaults for OT1/cmr/m/n on input line 212.
LaTeX Font Info:    ... okay on input line 212.
LaTeX Font Info:    Checking defaults for T1/cmr/m/n on input line 212.
LaTeX Font Info:    ... okay on input line 212.
LaTeX Font Info:    Checking defaults for TS1/cmr/m/n on input line 212.
LaTeX Font Info:    ... okay on input line 212.
LaTeX Font Info:    Checking defaults for OMX/cmex/m/n on input line 212.
LaTeX Font Info:    ... okay on input line 212.
LaTeX Font Info:    Checking defaults for U/cmr/m/n on input line 212.
LaTeX Font Info:    ... okay on input line 212.
LaTeX Font Info:    Checking defaults for PD1/pdf/m/n on input line 212.
LaTeX Font Info:    ... okay on input line 212.
\AtBeginShipoutBox=\box63
Package hyperref Info: Link coloring OFF on input line 212.
(/usr/share/texlive/texmf-dist/tex/latex/hyperref/nameref.sty
Package: nameref 2019/09/16 v2.46 Cross-referencing by name of section
(/usr/share/texlive/texmf-dist/tex/latex/refcount/refcount.sty
Package: refcount 2019/12/15 v3.6 Data extraction from label references (HO)
) (/usr/share/texlive/texmf-dist/tex/generic/gettitlestring/gettitlestring.sty
Package: gettitlestring 2019/12/15 v1.6 Cleanup title references (HO)
)
\c@section@level=\count290
)
LaTeX Info: Redefining \ref on input line 212.
LaTeX Info: Redefining \pageref on input line 212.
LaTeX Info: Redefining \nameref on input line 212.
(./images.out) (./images.out)
\@outlinefile=\write7
\openout7 = `images.out'.

(/usr/share/texlive/texmf-dist/tex/context/base/mkii/supp-pdf.mkii
[Loading MPS to PDF converter (version 2006.09.02).]
\scratchcounter=\count291
\scratchdimen=\dimen309
\scratchbox=\box64
\nofMPsegments=\count292
\nofMParguments=\count293
\everyMPshowfont=\toks24
\MPscratchCnt=\count294
\MPscratchDim=\dimen310
\MPnumerator=\count295
\makeMPintoPDFobject=\count296
\everyMPtoPDFconversion=\toks25
) (/usr/share/texlive/texmf-dist/tex/latex/epstopdf-pkg/epstopdf-base.sty
Package: epstopdf-base 2020-01-24 v2.11 Base part for package epstopdf
Package epstopdf-base Info: Redefining graphics rule for `.eps' on input line 4
85.
(/usr/share/texlive/texmf-dist/tex/latex/latexconfig/epstopdf-sys.cfg
File: epstopdf-sys.cfg 2010/07/13 v1.3 Configuration of (r)epstopdf for TeX Liv
e
))
\c@lstlisting=\count297
Preview: Fontsize 10.95pt
Preview: PDFoutput 1

latex2htmlLength hsize=349.0pt

latex2htmlLength vsize=650.43001pt

latex2htmlLength hoffset=0.0pt

latex2htmlLength voffset=0.0pt

latex2htmlLength topmargin=0.0pt

latex2htmlLength topskip=0.00003pt

latex2htmlLength headheight=0.0pt

latex2htmlLength headsep=0.0pt

latex2htmlLength parskip=7.22743pt

latex2htmlLength oddsidemargin=0.0pt

latex2htmlLength evensidemargin=0.0pt

LaTeX Font Info:    Trying to load font information for U+msa on input line 249
.
(/usr/share/texlive/texmf-dist/tex/latex/amsfonts/umsa.fd
File: umsa.fd 2013/01/14 v3.01 AMS symbols A
)
LaTeX Font Info:    Trying to load font information for U+msb on input line 249
.
(/usr/share/texlive/texmf-dist/tex/latex/amsfonts/umsb.fd
File: umsb.fd 2013/01/14 v3.01 AMS symbols B
)

:tex2html_wrap_inline22391:lthtmlCropMarkHeight:=14.2125pt

:tex2html_wrap_inline22391:lthtmlCropMarkDepth:=2.73749pt:1ex:=4.71457pt
Preview: Tightpage -32891 -32891 32891 32891
[1{/var/lib/texmf/fonts/map/pdftex/updmap/pdftex.map}]
Overfull \hbox (229.35762pt too wide) in paragraph at lines 266--308
[][] 
 []


:figure431:lthtmlCropMarkHeight:=456.39967pt

:figure431:lthtmlCropMarkDepth:=0.0pt:1ex:=4.71457pt
[2]

:figure800:lthtmlCropMarkHeight:=123.23753pt

:figure800:lthtmlCropMarkDepth:=0.0pt:1ex:=4.71457pt
[3]

:figure825:lthtmlCropMarkHeight:=177.63756pt

:figure825:lthtmlCropMarkDepth:=0.0pt:1ex:=4.71457pt
[4]

:figure832:lthtmlCropMarkHeight:=245.63759pt

:figure832:lthtmlCropMarkDepth:=0.0pt:1ex:=4.71457pt
[5]

:tex2html_wrap_inline22516:lthtmlCropMarkHeight:=13.22179pt

:tex2html_wrap_inline22516:lthtmlCropMarkDepth:=0.0pt:1ex:=4.71457pt
[6]

:tex2html_wrap_inline22518:lthtmlCropMarkHeight:=15.52922pt

:tex2html_wrap_inline22518:lthtmlCropMarkDepth:=0.0pt:1ex:=4.71457pt
[7]

:figure840:lthtmlCropMarkHeight:=123.23753pt

:figure840:lthtmlCropMarkDepth:=0.0pt:1ex:=4.71457pt
[8]

:figure856:lthtmlCropMarkHeight:=108.725pt

:figure856:lthtmlCropMarkDepth:=0.0pt:1ex:=4.71457pt
[9]

:tex2html_wrap_inline22531:lthtmlCropMarkHeight:=13.48248pt

:tex2html_wrap_inline22531:lthtmlCropMarkDepth:=0.0pt:1ex:=4.71457pt
[10]

:tex2html_wrap_inline22533:lthtmlCropMarkHeight:=15.8129pt

:tex2html_wrap_inline22533:lthtmlCropMarkDepth:=0.42812pt:1ex:=4.71457pt
[11]

:tex2html_wrap_inline22535:lthtmlCropMarkHeight:=13.60416pt

:tex2html_wrap_inline22535:lthtmlCropMarkDepth:=0.42812pt:1ex:=4.71457pt
[12]

:tex2html_wrap_inline22543:lthtmlCropMarkHeight:=13.60416pt

:tex2html_wrap_inline22543:lthtmlCropMarkDepth:=0.0pt:1ex:=4.71457pt
[13]

:tex2html_wrap_inline22547:lthtmlCropMarkHeight:=10.71457pt

:tex2html_wrap_inline22547:lthtmlCropMarkDepth:=0.0pt:1ex:=4.71457pt
[14]

:tex2html_wrap_inline22551:lthtmlCropMarkHeight:=13.48248pt

:tex2html_wrap_inline22551:lthtmlCropMarkDepth:=2.12917pt:1ex:=4.71457pt
[15]

:tex2html_wrap_inline22553:lthtmlCropMarkHeight:=13.48248pt

:tex2html_wrap_inline22553:lthtmlCropMarkDepth:=3.06699pt:1ex:=4.71457pt
[16]
Overfull \hbox (120.75499pt too wide) in paragraph at lines 551--552
[][] 
 []


:tex2html_wrap10512:lthtmlCropMarkHeight:=136.21791pt

:tex2html_wrap10512:lthtmlCropMarkDepth:=124.74294pt:1ex:=4.71457pt
[17]

:tex2html_wrap_inline22570:lthtmlCropMarkHeight:=14.2125pt

:tex2html_wrap_inline22570:lthtmlCropMarkDepth:=2.73749pt:1ex:=4.71457pt
[18]

:tex2html_wrap_inline22572:lthtmlCropMarkHeight:=13.48248pt

:tex2html_wrap_inline22572:lthtmlCropMarkDepth:=0.0pt:1ex:=4.71457pt
[19]

:tex2html_wrap_inline22574:lthtmlCropMarkHeight:=15.44032pt

:tex2html_wrap_inline22574:lthtmlCropMarkDepth:=1.48888pt:1ex:=4.71457pt
[20]

:tex2html_wrap_inline22576:lthtmlCropMarkHeight:=15.44032pt

:tex2html_wrap_inline22576:lthtmlCropMarkDepth:=0.42812pt:1ex:=4.71457pt
[21]

:tex2html_wrap_inline22578:lthtmlCropMarkHeight:=13.48248pt

:tex2html_wrap_inline22578:lthtmlCropMarkDepth:=0.0pt:1ex:=4.71457pt
[22]

:tex2html_wrap_inline22580:lthtmlCropMarkHeight:=13.48248pt

:tex2html_wrap_inline22580:lthtmlCropMarkDepth:=0.0pt:1ex:=4.71457pt
[23]

:tex2html_wrap_inline22584:lthtmlCropMarkHeight:=13.48248pt

:tex2html_wrap_inline22584:lthtmlCropMarkDepth:=0.0pt:1ex:=4.71457pt
[24]

:tex2html_wrap_indisplay22588:lthtmlCropMarkHeight:=14.2125pt

:tex2html_wrap_indisplay22588:lthtmlCropMarkDepth:=2.73749pt:1ex:=4.71457pt
[25]
Overfull \hbox (120.75499pt too wide) in paragraph at lines 626--627
[][] 
 []


:tex2html_wrap10526:lthtmlCropMarkHeight:=60.3533pt

:tex2html_wrap10526:lthtmlCropMarkDepth:=48.87831pt:1ex:=4.71457pt
[26]
Overfull \hbox (120.75499pt too wide) in paragraph at lines 656--657
[][] 
 []


:tex2html_wrap10532:lthtmlCropMarkHeight:=95.4179pt

:tex2html_wrap10532:lthtmlCropMarkDepth:=83.94292pt:1ex:=4.71457pt
[27]

:displaymath22627:lthtmlCropMarkHeight:=54.29997pt

:displaymath22627:lthtmlCropMarkDepth:=0.0pt:1ex:=4.71457pt
[28]

:tex2html_wrap_inline22629:lthtmlCropMarkHeight:=10.71457pt

:tex2html_wrap_inline22629:lthtmlCropMarkDepth:=2.12917pt:1ex:=4.71457pt
[29]

:tex2html_wrap_inline22631:lthtmlCropMarkHeight:=10.71457pt

:tex2html_wrap_inline22631:lthtmlCropMarkDepth:=2.12917pt:1ex:=4.71457pt
[30]

:tex2html_wrap_inline22633:lthtmlCropMarkHeight:=12.96387pt

:tex2html_wrap_inline22633:lthtmlCropMarkDepth:=2.12917pt:1ex:=4.71457pt
[31]

:tex2html_wrap_inline22635:lthtmlCropMarkHeight:=13.60416pt

:tex2html_wrap_inline22635:lthtmlCropMarkDepth:=2.12917pt:1ex:=4.71457pt
[32]

:tex2html_wrap_inline22637:lthtmlCropMarkHeight:=13.05666pt

:tex2html_wrap_inline22637:lthtmlCropMarkDepth:=1.48888pt:1ex:=4.71457pt
[33]

:tex2html_wrap_indisplay22639:lthtmlCropMarkHeight:=14.2125pt

:tex2html_wrap_indisplay22639:lthtmlCropMarkDepth:=2.73749pt:1ex:=4.71457pt
[34]

:tex2html_wrap_inline22641:lthtmlCropMarkHeight:=10.71457pt

:tex2html_wrap_inline22641:lthtmlCropMarkDepth:=0.0pt:1ex:=4.71457pt
[35]

:tex2html_wrap_inline22643:lthtmlCropMarkHeight:=13.4181pt

:tex2html_wrap_inline22643:lthtmlCropMarkDepth:=0.0pt:1ex:=4.71457pt
[36]

:tex2html_wrap_inline22645:lthtmlCropMarkHeight:=13.05666pt

:tex2html_wrap_inline22645:lthtmlCropMarkDepth:=0.0pt:1ex:=4.71457pt
[37]

:tex2html_wrap_inline22647:lthtmlCropMarkHeight:=15.52922pt

:tex2html_wrap_inline22647:lthtmlCropMarkDepth:=0.0pt:1ex:=4.71457pt
[38]

:tex2html_wrap_inline22649:lthtmlCropMarkHeight:=13.05666pt

:tex2html_wrap_inline22649:lthtmlCropMarkDepth:=0.0pt:1ex:=4.71457pt
[39]

:tex2html_wrap_indisplay22653:lthtmlCropMarkHeight:=16.07672pt

:tex2html_wrap_indisplay22653:lthtmlCropMarkDepth:=2.73749pt:1ex:=4.71457pt
[40]

:tex2html_wrap_inline22720:lthtmlCropMarkHeight:=14.2125pt

:tex2html_wrap_inline22720:lthtmlCropMarkDepth:=2.73749pt:1ex:=4.71457pt
[41]

:tex2html_wrap_inline22722:lthtmlCropMarkHeight:=13.22179pt

:tex2html_wrap_inline22722:lthtmlCropMarkDepth:=2.12917pt:1ex:=4.71457pt
[42]

:tex2html_wrap_inline22808:lthtmlCropMarkHeight:=12.96387pt

:tex2html_wrap_inline22808:lthtmlCropMarkDepth:=1.48888pt:1ex:=4.71457pt
[43]

:tex2html_wrap_inline22810:lthtmlCropMarkHeight:=12.96387pt

:tex2html_wrap_inline22810:lthtmlCropMarkDepth:=1.48888pt:1ex:=4.71457pt
[44]
Overfull \hbox (77.79266pt too wide) in paragraph at lines 915--1019
[][] 
 []


:tex2html_wrap13886:lthtmlCropMarkHeight:=347.45393pt

:tex2html_wrap13886:lthtmlCropMarkDepth:=336.99155pt:1ex:=4.71457pt
[45]
Overfull \hbox (77.79616pt too wide) in paragraph at lines 1024--1103
[][] 
 []


:tex2html_wrap13892:lthtmlCropMarkHeight:=304.78079pt

:tex2html_wrap13892:lthtmlCropMarkDepth:=293.43388pt:1ex:=4.71457pt
[46]

:tex2html_wrap_inline24419:lthtmlCropMarkHeight:=12.3875pt

:tex2html_wrap_inline24419:lthtmlCropMarkDepth:=0.9125pt:1ex:=4.71457pt
[47]

:tex2html_wrap_inline24421:lthtmlCropMarkHeight:=12.96387pt

:tex2html_wrap_inline24421:lthtmlCropMarkDepth:=1.48888pt:1ex:=4.71457pt
[48]

:tex2html_wrap_inline24423:lthtmlCropMarkHeight:=10.01727pt

:tex2html_wrap_inline24423:lthtmlCropMarkDepth:=0.0pt:1ex:=4.71457pt
[49]

:tex2html_wrap_inline24425:lthtmlCropMarkHeight:=12.96387pt

:tex2html_wrap_inline24425:lthtmlCropMarkDepth:=1.48888pt:1ex:=4.71457pt
[50]

:tex2html_wrap_inline24427:lthtmlCropMarkHeight:=15.52922pt

:tex2html_wrap_inline24427:lthtmlCropMarkDepth:=0.0pt:1ex:=4.71457pt
[51]

:tex2html_wrap_inline24429:lthtmlCropMarkHeight:=14.8943pt

:tex2html_wrap_inline24429:lthtmlCropMarkDepth:=0.0pt:1ex:=4.71457pt
[52]

:tex2html_wrap_inline24433:lthtmlCropMarkHeight:=12.69167pt

:tex2html_wrap_inline24433:lthtmlCropMarkDepth:=2.43333pt:1ex:=4.71457pt
[53]

:tex2html_wrap_inline24437:lthtmlCropMarkHeight:=10.01727pt

:tex2html_wrap_inline24437:lthtmlCropMarkDepth:=0.0pt:1ex:=4.71457pt
[54]

:tex2html_wrap_inline24506:lthtmlCropMarkHeight:=10.71457pt

:tex2html_wrap_inline24506:lthtmlCropMarkDepth:=0.0pt:1ex:=4.71457pt
[55]

:tex2html_wrap_inline25022:lthtmlCropMarkHeight:=13.05666pt

:tex2html_wrap_inline25022:lthtmlCropMarkDepth:=0.9125pt:1ex:=4.71457pt
[56]

:tex2html_wrap_inline25149:lthtmlCropMarkHeight:=14.86255pt

:tex2html_wrap_inline25149:lthtmlCropMarkDepth:=0.0pt:1ex:=4.71457pt
[57]

:tex2html_wrap_inline25519:lthtmlCropMarkHeight:=13.05666pt

:tex2html_wrap_inline25519:lthtmlCropMarkDepth:=0.0pt:1ex:=4.71457pt
[58]

:tex2html_wrap_inline25521:lthtmlCropMarkHeight:=13.05666pt

:tex2html_wrap_inline25521:lthtmlCropMarkDepth:=0.0pt:1ex:=4.71457pt
[59]

:tex2html_wrap_inline25523:lthtmlCropMarkHeight:=13.05666pt

:tex2html_wrap_inline25523:lthtmlCropMarkDepth:=0.0pt:1ex:=4.71457pt
[60]

:tex2html_wrap_inline25650:lthtmlCropMarkHeight:=15.4384pt

:tex2html_wrap_inline25650:lthtmlCropMarkDepth:=3.269pt:1ex:=4.71457pt
[61]

:tex2html_wrap_inline25652:lthtmlCropMarkHeight:=13.22179pt

:tex2html_wrap_inline25652:lthtmlCropMarkDepth:=0.0pt:1ex:=4.71457pt
[62]

:tex2html_wrap_inline25656:lthtmlCropMarkHeight:=15.4384pt

:tex2html_wrap_inline25656:lthtmlCropMarkDepth:=3.269pt:1ex:=4.71457pt
[63]

:tex2html_wrap_inline25658:lthtmlCropMarkHeight:=10.71457pt

:tex2html_wrap_inline25658:lthtmlCropMarkDepth:=0.0pt:1ex:=4.71457pt
[64]

:tex2html_wrap_inline25660:lthtmlCropMarkHeight:=14.2125pt

:tex2html_wrap_inline25660:lthtmlCropMarkDepth:=2.73749pt:1ex:=4.71457pt
[65]

:tex2html_wrap_inline25662:lthtmlCropMarkHeight:=15.52922pt

:tex2html_wrap_inline25662:lthtmlCropMarkDepth:=0.0pt:1ex:=4.71457pt
[66]

:tex2html_wrap_inline25664:lthtmlCropMarkHeight:=10.71457pt

:tex2html_wrap_inline25664:lthtmlCropMarkDepth:=0.0pt:1ex:=4.71457pt
[67]
Overfull \hbox (106.24802pt too wide) in paragraph at lines 1311--1380
[][] 
 []


:tex2html_wrap18432:lthtmlCropMarkHeight:=205.1716pt

:tex2html_wrap18432:lthtmlCropMarkDepth:=195.29837pt:1ex:=4.71457pt
[68]
Package atveryend Info: Empty hook `BeforeClearDocument' on input line 1384.
Package atveryend Info: Empty hook `AfterLastShipout' on input line 1384.
(./images.aux)
Package atveryend Info: Executing hook `AtVeryEndDocument' on input line 1384.
Package atveryend Info: Executing hook `AtEndAfterFileList' on input line 1384.

Package rerunfilecheck Info: File `images.out' has not changed.
(rerunfilecheck)             Checksum: D41D8CD98F00B204E9800998ECF8427E;0.
Package atveryend Info: Empty hook `AtVeryVeryEnd' on input line 1384.
 ) 
Here is how much of TeX's memory you used:
 9631 strings out of 481239
 137817 string characters out of 5920377
 628304 words of memory out of 5000000
 24725 multiletter control sequences out of 15000+600000
 538765 words of font info for 49 fonts, out of 8000000 for 9000
 1141 hyphenation exceptions out of 8191
 42i,12n,37p,260b,361s stack positions out of 5000i,500n,10000p,200000b,80000s
</usr/share/texlive/texmf-dist/fonts/type1/public/amsfonts/cm/cmbx10.pfb></us
r/share/texlive/texmf-dist/fonts/type1/public/amsfonts/cm/cmmi10.pfb></usr/shar
e/texlive/texmf-dist/fonts/type1/public/amsfonts/cm/cmmi8.pfb></usr/share/texli
ve/texmf-dist/fonts/type1/public/amsfonts/cm/cmr10.pfb></usr/share/texlive/texm
f-dist/fonts/type1/public/amsfonts/cm/cmr8.pfb></usr/share/texlive/texmf-dist/f
onts/type1/public/amsfonts/cm/cmsy10.pfb></usr/share/texlive/texmf-dist/fonts/t
ype1/public/amsfonts/cm/cmsy8.pfb></usr/share/texlive/texmf-dist/fonts/type1/pu
blic/amsfonts/cm/cmti10.pfb></usr/share/texlive/texmf-dist/fonts/type1/public/a
msfonts/cm/cmtt10.pfb></usr/share/texlive/texmf-dist/fonts/type1/public/amsfont
s/cm/cmtt8.pfb></usr/share/texlive/texmf-dist/fonts/type1/public/amsfonts/symbo
ls/msbm10.pfb>
Output written on images.pdf (68 pages, 151901 bytes).
PDF statistics:
 269 PDF objects out of 1000 (max. 8388607)
 186 compressed objects within 2 object streams
 0 named destinations out of 1000 (max. 500000)
 1 words of extra memory for PDF output out of 10000 (max. 10000000)

